<?xml version="1.0" encoding="UTF-8"?>
<!-- Generated by org.testng.reporters.JUnitReportReporter -->
<testsuite hostname="DESKTOP-B659M31" failures="0" tests="1" name="com.pgpdp.test.UsetTest" time="6.139" errors="0" timestamp="2024-10-04T16:41:18 IST" skipped="0">
  <testcase classname="com.pgpdp.test.UsetTest" name="getallpages" time="6.139"/>
</testsuite> <!-- com.pgpdp.test.UsetTest -->
