<?xml version="1.0" encoding="UTF-8"?>
<!-- Generated by org.testng.reporters.JUnitReportReporter -->
<testsuite hostname="DESKTOP-B659M31" failures="0" tests="1" name="com.pgpdp.services.UserService" time="4.685" errors="0" timestamp="2024-10-04T17:20:54 IST" skipped="0">
  <testcase classname="com.pgpdp.services.UserService" name="getUser" time="4.685"/>
</testsuite> <!-- com.pgpdp.services.UserService -->
