<?xml version="1.0" encoding="UTF-8"?>
<!-- Generated by org.testng.reporters.JUnitReportReporter -->
<testsuite hostname="DESKTOP-B659M31" failures="0" tests="1" name="api.tst.ApiTests" time="4.381" errors="0" timestamp="2024-10-07T23:35:23 IST" skipped="0">
  <testcase classname="api.tst.ApiTests" name="testGetAllUser" time="4.381"/>
</testsuite> <!-- api.tst.ApiTests -->
